#
# A fatal error has been detected by the Java Runtime Environment:
#
#  Internal Error (javaClasses.cpp:126), pid=7008, tid=2552
#  fatal error: Invalid layout of preloaded class
#
# JRE version:  (8.0_25-b18) (build )
# Java VM: Java HotSpot(TM) 64-Bit Server VM (25.25-b02 mixed mode windows-amd64 compressed oops)
# Failed to write core dump. Minidumps are not enabled by default on client versions of Windows
#
# If you would like to submit a bug report, please visit:
#   http://bugreport.sun.com/bugreport/crash.jsp
#

---------------  T H R E A D  ---------------

Current thread (0x00000000021ee000):  JavaThread "Unknown thread" [_thread_in_vm, id=2552, stack(0x0000000002520000,0x0000000002620000)]

Stack: [0x0000000002520000,0x0000000002620000]
Native frames: (J=compiled Java code, j=interpreted, Vv=VM code, C=native code)
V  [jvm.dll+0x31667a]
V  [jvm.dll+0x267073]
V  [jvm.dll+0x267cb3]
V  [jvm.dll+0x25f536]
V  [jvm.dll+0x5e773]
V  [jvm.dll+0x5e863]
V  [jvm.dll+0x731ca]
V  [jvm.dll+0x73528]
V  [jvm.dll+0xe48b7]
V  [jvm.dll+0xe4c46]
V  [jvm.dll+0x1f9ae7]
V  [jvm.dll+0x22b2e4]
V  [jvm.dll+0x14d571]
C  [javaw.exe+0x20c6]
C  [javaw.exe+0xc9eb]
C  [javaw.exe+0xca7f]
C  [kernel32.dll+0x159cd]
C  [ntdll.dll+0x2b891]


---------------  P R O C E S S  ---------------

Java Threads: ( => current thread )

Other Threads:

=>0x00000000021ee000 (exited) JavaThread "Unknown thread" [_thread_in_vm, id=2552, stack(0x0000000002520000,0x0000000002620000)]

VM state:not at safepoint (not fully initialized)

VM Mutex/Monitor currently owned by a thread: None

GC Heap History (0 events):
No events

Deoptimization events (0 events):
No events

Internal exceptions (0 events):
No events

Events (10 events):
Event: 0.016 loading class java/lang/CharSequence done
Event: 0.017 loading class java/lang/String done
Event: 0.017 loading class java/lang/Class
Event: 0.017 loading class java/lang/reflect/AnnotatedElement
Event: 0.017 loading class java/lang/reflect/AnnotatedElement done
Event: 0.017 loading class java/lang/reflect/GenericDeclaration
Event: 0.017 loading class java/lang/reflect/GenericDeclaration done
Event: 0.017 loading class java/lang/reflect/Type
Event: 0.017 loading class java/lang/reflect/Type done
Event: 0.017 loading class java/lang/Class done


Dynamic libraries:
0x000000013f910000 - 0x000000013f944000 	F:\android\adt-bundle\adt-bundle-windows-x86_64-20140702\eclipse\jre\bin\javaw.exe
0x0000000077360000 - 0x0000000077508000 	C:\Windows\SYSTEM32\ntdll.dll
0x0000000077240000 - 0x000000007735f000 	C:\Windows\system32\kernel32.dll
0x000007fefd310000 - 0x000007fefd37c000 	C:\Windows\system32\KERNELBASE.dll
0x000007fefd880000 - 0x000007fefd95b000 	C:\Windows\system32\ADVAPI32.dll
0x000007feff260000 - 0x000007feff2ff000 	C:\Windows\system32\msvcrt.dll
0x000007feff170000 - 0x000007feff18f000 	C:\Windows\SYSTEM32\sechost.dll
0x000007feff540000 - 0x000007feff66d000 	C:\Windows\system32\RPCRT4.dll
0x0000000077140000 - 0x000000007723a000 	C:\Windows\system32\USER32.dll
0x000007fefe9f0000 - 0x000007fefea57000 	C:\Windows\system32\GDI32.dll
0x000007fefec90000 - 0x000007fefec9e000 	C:\Windows\system32\LPK.dll
0x000007feff190000 - 0x000007feff259000 	C:\Windows\system32\USP10.dll
0x000007fefb5e0000 - 0x000007fefb7d4000 	C:\Windows\WinSxS\amd64_microsoft.windows.common-controls_6595b64144ccf1df_6.0.7601.18837_none_fa3b1e3d17594757\COMCTL32.dll
0x000007fefed20000 - 0x000007fefed91000 	C:\Windows\system32\SHLWAPI.dll
0x000007fefecf0000 - 0x000007fefed1e000 	C:\Windows\system32\IMM32.DLL
0x000007feff030000 - 0x000007feff139000 	C:\Windows\system32\MSCTF.dll
0x000000005cf90000 - 0x000000005d062000 	F:\android\adt-bundle\adt-bundle-windows-x86_64-20140702\eclipse\jre\bin\msvcr100.dll
0x00000000519a0000 - 0x00000000521fa000 	F:\android\adt-bundle\adt-bundle-windows-x86_64-20140702\eclipse\jre\bin\server\jvm.dll
0x000007fef7f70000 - 0x000007fef7f79000 	C:\Windows\system32\WSOCK32.dll
0x000007fefeca0000 - 0x000007fefeced000 	C:\Windows\system32\WS2_32.dll
0x000007feff140000 - 0x000007feff148000 	C:\Windows\system32\NSI.dll
0x000007fefa6e0000 - 0x000007fefa71b000 	C:\Windows\system32\WINMM.dll
0x0000000077530000 - 0x0000000077537000 	C:\Windows\system32\PSAPI.DLL
0x0000000064450000 - 0x000000006445f000 	F:\android\adt-bundle\adt-bundle-windows-x86_64-20140702\eclipse\jre\bin\verify.dll
0x0000000062dd0000 - 0x0000000062df8000 	F:\android\adt-bundle\adt-bundle-windows-x86_64-20140702\eclipse\jre\bin\java.dll
0x0000000064220000 - 0x0000000064236000 	F:\android\adt-bundle\adt-bundle-windows-x86_64-20140702\eclipse\jre\bin\zip.dll
0x000007fef18a0000 - 0x000007fef19c5000 	C:\Windows\system32\dbghelp.dll

VM Arguments:
jvm_args: -Dfile.encoding=UTF-8 -Xbootclasspath:F:\android\android-sdk-windows\platforms\android-19\android.jar 
java_command: cn.dezhisoft.cloud.mi.newugc.common.net.ftp.ContinueFTP
java_class_path (initial): F:\workspace\pgc_no_login\bin\classes;F:\workspace\pgc_no_login\libs\sobey-android-ui.jar;F:\workspace\pgc_no_login\libs\commons-net-3.3.jar;F:\workspace\pgc_no_login\libs\android_sdk_v1.0.5.jar;F:\workspace\pgc_no_login\libs\ksoap2-android-assembly-2.5.4-jar-with-dependencies.jar;F:\workspace\pgc_no_login\libs\ugc_sobey_sdk.jar;F:\workspace\pgc_no_login\libs\android-support-v4.jar;F:\workspace\pgc_no_login\libs\locSDK_3.3.jar;F:\workspace\pgc_no_login\libs\android_api_3.6.jar;F:\workspace\pgc_no_login\libs\httpmime-4.1.2.jar
Launcher Type: SUN_STANDARD

Environment Variables:
JAVA_HOME=D:\Java\jdk1.6.0_13
CLASSPATH=.;C:\Program Files (x86)\Java\jre7\lib\ext\QTJava.zip;D:\Java\jdk1.6.0_13\lib\dt.jar;D:\Java\jdk1.6.0_13\lib\tools.jar;
PATH=F:/android/adt-bundle/adt-bundle-windows-x86_64-20140702/eclipse/jre/bin/server;F:/android/adt-bundle/adt-bundle-windows-x86_64-20140702/eclipse/jre/bin;F:/android/adt-bundle/adt-bundle-windows-x86_64-20140702/eclipse/jre/lib/amd64;E:\mysql-5.6.25-winx64\bin;C:\Windows\system32;C:\Windows;C:\Windows\System32\Wbem;C:\Windows\System32\WindowsPowerShell\v1.0\;C:\Program Files\Intel\WiFi\bin\;C:\Program Files\Common Files\Intel\WirelessCommon\;C:\Program Files (x86)\Rhozet\RMP\;C:\Program Files (x86)\QuickTime\QTSystem\;F:\android\android-sdk-windows\tools;F:\android\android-sdk-windows\platform-tools;D:\Java\jre6\bin;F:\android\adt-bundle\adt-bundle-windows-x86_64-20140702\eclipse;
USERNAME=wangwei
OS=Windows_NT
PROCESSOR_IDENTIFIER=Intel64 Family 6 Model 58 Stepping 9, GenuineIntel



---------------  S Y S T E M  ---------------

OS: Windows 7 , 64 bit Build 7601 Service Pack 1

CPU:total 4 (2 cores per cpu, 2 threads per core) family 6 model 58 stepping 9, cmov, cx8, fxsr, mmx, sse, sse2, sse3, ssse3, sse4.1, sse4.2, popcnt, avx, aes, clmul, erms, ht, tsc, tscinvbit, tscinv

Memory: 4k page, physical 7913708k(4486364k free), swap 15825564k(10366036k free)

vm_info: Java HotSpot(TM) 64-Bit Server VM (25.25-b02) for windows-amd64 JRE (1.8.0_25-b18), built on Oct  7 2014 14:25:37 by "java_re" with MS VC++ 10.0 (VS2010)

time: Wed Jul 08 14:44:31 2015
elapsed time: 0 seconds (0d 0h 0m 0s)

